2026-03-17 20:17:23.457 -04:00 [DBG] Preparing to write citizen data to CSV. Total citizens: 5
2026-03-17 20:17:23.495 -04:00 [INF] Citizen created with CI: 100
2026-03-17 23:28:44.604 -04:00 [DBG] Registered model binder providers, in the following order: ["Microsoft.AspNetCore.Mvc.ModelBinding.Binders.BinderTypeModelBinderProvider","Microsoft.AspNetCore.Mvc.ModelBinding.Binders.ServicesModelBinderProvider","Microsoft.AspNetCore.Mvc.ModelBinding.Binders.BodyModelBinderProvider","Microsoft.AspNetCore.Mvc.ModelBinding.Binders.HeaderModelBinderProvider","Microsoft.AspNetCore.Mvc.ModelBinding.Binders.FloatingPointTypeModelBinderProvider","Microsoft.AspNetCore.Mvc.ModelBinding.Binders.EnumTypeModelBinderProvider","Microsoft.AspNetCore.Mvc.ModelBinding.Binders.DateTimeModelBinderProvider","Microsoft.AspNetCore.Mvc.ModelBinding.Binders.SimpleTypeModelBinderProvider","Microsoft.AspNetCore.Mvc.ModelBinding.Binders.TryParseModelBinderProvider","Microsoft.AspNetCore.Mvc.ModelBinding.Binders.CancellationTokenModelBinderProvider","Microsoft.AspNetCore.Mvc.ModelBinding.Binders.ByteArrayModelBinderProvider","Microsoft.AspNetCore.Mvc.ModelBinding.Binders.FormFileModelBinderProvider","Microsoft.AspNetCore.Mvc.ModelBinding.Binders.FormCollectionModelBinderProvider","Microsoft.AspNetCore.Mvc.ModelBinding.Binders.KeyValuePairModelBinderProvider","Microsoft.AspNetCore.Mvc.ModelBinding.Binders.DictionaryModelBinderProvider","Microsoft.AspNetCore.Mvc.ModelBinding.Binders.ArrayModelBinderProvider","Microsoft.AspNetCore.Mvc.ModelBinding.Binders.CollectionModelBinderProvider","Microsoft.AspNetCore.Mvc.ModelBinding.Binders.ComplexObjectModelBinderProvider"]
2026-03-17 23:28:44.685 -04:00 [DBG] Hosting starting
2026-03-17 23:28:44.739 -04:00 [DBG] Middleware configuration started with options: {AllowedHosts = *, AllowEmptyHosts = True, IncludeFailureMessage = True}
2026-03-17 23:28:44.743 -04:00 [DBG] Wildcard detected, all requests with hosts will be allowed.
2026-03-17 23:28:44.826 -04:00 [WRN] The ASP.NET Core developer certificate is not trusted. For information about trusting the ASP.NET Core developer certificate, see https://aka.ms/aspnet/https-trust-dev-cert
2026-03-17 23:28:44.875 -04:00 [INF] Now listening on: https://localhost:9070
2026-03-17 23:28:44.878 -04:00 [DBG] Loaded hosting startup assembly CitizensAPI
2026-03-17 23:28:44.880 -04:00 [INF] Application started. Press Ctrl+C to shut down.
2026-03-17 23:28:44.882 -04:00 [INF] Hosting environment: Development
2026-03-17 23:28:44.884 -04:00 [INF] Content root path: D:\UPB D\UPB 5th Semester\Certification I\CitizensAPI\CitizensAPI
2026-03-17 23:28:44.886 -04:00 [DBG] Hosting started
2026-03-17 23:29:06.850 -04:00 [DBG] Connection id "0HNK4JQ1DSGJA" accepted.
2026-03-17 23:29:06.862 -04:00 [DBG] Connection id "0HNK4JQ1DSGJA" started.
2026-03-17 23:29:06.907 -04:00 [DBG] Connection id "0HNK4JQ1DSGJA" received FIN.
2026-03-17 23:29:06.908 -04:00 [DBG] Connection id "0HNK4JQ1DSGJB" accepted.
2026-03-17 23:29:06.914 -04:00 [DBG] Connection id "0HNK4JQ1DSGJB" started.
2026-03-17 23:29:06.917 -04:00 [DBG] Failed to authenticate HTTPS connection.
System.Security.Authentication.AuthenticationException: Authentication failed, see inner exception.
 ---> System.ComponentModel.Win32Exception (0x80090327): An unknown error occurred while processing the certificate.
   --- End of inner exception stack trace ---
   at System.Net.Security.SslStream.ForceAuthenticationAsync[TIOAdapter](Boolean receiveFirst, Byte[] reAuthenticationData, CancellationToken cancellationToken)
   at Microsoft.AspNetCore.Server.Kestrel.Https.Internal.HttpsConnectionMiddleware.OnConnectionAsync(ConnectionContext context)
2026-03-17 23:29:06.925 -04:00 [DBG] Connection 0HNK4JQ1DSGJB established using the following protocol: "Tls13"
2026-03-17 23:29:06.934 -04:00 [DBG] Connection id "0HNK4JQ1DSGJA" stopped.
2026-03-17 23:29:06.939 -04:00 [DBG] Connection id "0HNK4JQ1DSGJA" sending FIN because: "The Socket transport's send loop completed gracefully."
2026-03-17 23:29:06.971 -04:00 [INF] Request starting HTTP/2 GET https://localhost:9070/ - null null
2026-03-17 23:29:06.991 -04:00 [DBG] No candidates found for the request path '/'
2026-03-17 23:29:06.993 -04:00 [DBG] Request did not match any endpoints
2026-03-17 23:29:07.018 -04:00 [INF] Request finished HTTP/2 GET https://localhost:9070/ - 404 0 null 47.9441ms
2026-03-17 23:29:07.027 -04:00 [INF] Request reached the end of the middleware pipeline without being handled by application code. Request path: GET https://localhost:9070/, Response status code: 404
2026-03-17 23:29:14.731 -04:00 [INF] Request starting HTTP/2 GET https://localhost:9070/swagger/index.html - null null
2026-03-17 23:29:14.739 -04:00 [DBG] No candidates found for the request path '/swagger/index.html'
2026-03-17 23:29:14.741 -04:00 [DBG] Request did not match any endpoints
2026-03-17 23:29:14.810 -04:00 [INF] Request finished HTTP/2 GET https://localhost:9070/swagger/index.html - 200 null text/html;charset=utf-8 78.7719ms
2026-03-17 23:29:14.843 -04:00 [INF] Request starting HTTP/2 GET https://localhost:9070/swagger/swagger-ui.css - null null
2026-03-17 23:29:14.871 -04:00 [INF] Request starting HTTP/2 GET https://localhost:9070/swagger/index.css - null null
2026-03-17 23:29:14.884 -04:00 [INF] Request starting HTTP/2 GET https://localhost:9070/swagger/swagger-ui-bundle.js - null null
2026-03-17 23:29:14.894 -04:00 [INF] Request starting HTTP/2 GET https://localhost:9070/swagger/swagger-ui-standalone-preset.js - null null
2026-03-17 23:29:14.960 -04:00 [INF] Request starting HTTP/2 GET https://localhost:9070/swagger/index.js - null null
2026-03-17 23:29:14.967 -04:00 [DBG] No candidates found for the request path '/swagger/swagger-ui.css'
2026-03-17 23:29:14.971 -04:00 [DBG] No candidates found for the request path '/swagger/swagger-ui-bundle.js'
2026-03-17 23:29:14.991 -04:00 [DBG] No candidates found for the request path '/swagger/index.js'
2026-03-17 23:29:14.993 -04:00 [DBG] Request did not match any endpoints
2026-03-17 23:29:14.995 -04:00 [DBG] Request did not match any endpoints
2026-03-17 23:29:15.001 -04:00 [DBG] Request did not match any endpoints
2026-03-17 23:29:15.004 -04:00 [INF] Request finished HTTP/2 GET https://localhost:9070/swagger/index.js - 200 null application/javascript;charset=utf-8 43.7264ms
2026-03-17 23:29:15.008 -04:00 [DBG] No candidates found for the request path '/swagger/swagger-ui-standalone-preset.js'
2026-03-17 23:29:15.011 -04:00 [DBG] Request did not match any endpoints
2026-03-17 23:29:15.028 -04:00 [INF] Request finished HTTP/2 GET https://localhost:9070/swagger/swagger-ui.css - 200 26388 text/css 185.4486ms
2026-03-17 23:29:15.032 -04:00 [INF] Request finished HTTP/2 GET https://localhost:9070/swagger/swagger-ui-standalone-preset.js - 200 76581 text/javascript 137.8089ms
2026-03-17 23:29:15.034 -04:00 [DBG] No candidates found for the request path '/swagger/index.css'
2026-03-17 23:29:15.057 -04:00 [INF] Request finished HTTP/2 GET https://localhost:9070/swagger/swagger-ui-bundle.js - 200 417806 text/javascript 173.1716ms
2026-03-17 23:29:15.057 -04:00 [DBG] Request did not match any endpoints
2026-03-17 23:29:15.072 -04:00 [INF] Request finished HTTP/2 GET https://localhost:9070/swagger/index.css - 200 152 text/css 200.1752ms
2026-03-17 23:29:15.206 -04:00 [INF] Request starting HTTP/2 GET https://localhost:9070/swagger/v1/swagger.json - null null
2026-03-17 23:29:15.211 -04:00 [DBG] No candidates found for the request path '/swagger/v1/swagger.json'
2026-03-17 23:29:15.213 -04:00 [DBG] Request did not match any endpoints
2026-03-17 23:29:15.226 -04:00 [DBG] Executing API description provider 'EndpointMetadataApiDescriptionProvider' from assembly Microsoft.AspNetCore.Mvc.ApiExplorer v10.0.0.0.
2026-03-17 23:29:15.232 -04:00 [DBG] Executing API description provider 'DefaultApiDescriptionProvider' from assembly Microsoft.AspNetCore.Mvc.ApiExplorer v10.0.0.0.
2026-03-17 23:29:15.341 -04:00 [INF] Request finished HTTP/2 GET https://localhost:9070/swagger/v1/swagger.json - 200 null application/json;charset=utf-8 135.3836ms
2026-03-17 23:31:27.912 -04:00 [DBG] Connection id "0HNK4JQ1DSGJB" is closing.
2026-03-17 23:31:27.936 -04:00 [DBG] Connection id "0HNK4JQ1DSGJB" is closed. The last processed stream ID was 15.
2026-03-17 23:31:27.942 -04:00 [DBG] Connection id "0HNK4JQ1DSGJB" received FIN.
2026-03-17 23:31:27.944 -04:00 [DBG] The connection queue processing loop for 0HNK4JQ1DSGJB completed.
2026-03-17 23:31:27.945 -04:00 [DBG] Connection id "0HNK4JQ1DSGJB" sending FIN because: "The Socket transport's send loop completed gracefully."
2026-03-17 23:31:27.952 -04:00 [DBG] Connection id "0HNK4JQ1DSGJB" stopped.
2026-03-17 23:43:55.510 -04:00 [DBG] Connection id "0HNK4JQ1DSGJC" accepted.
2026-03-17 23:43:55.516 -04:00 [DBG] Connection id "0HNK4JQ1DSGJC" started.
2026-03-17 23:43:55.522 -04:00 [DBG] Connection id "0HNK4JQ1DSGJC" received FIN.
2026-03-17 23:43:55.522 -04:00 [DBG] Failed to authenticate HTTPS connection.
System.Security.Authentication.AuthenticationException: Authentication failed, see inner exception.
 ---> System.ComponentModel.Win32Exception (0x80090327): An unknown error occurred while processing the certificate.
   --- End of inner exception stack trace ---
   at System.Net.Security.SslStream.ForceAuthenticationAsync[TIOAdapter](Boolean receiveFirst, Byte[] reAuthenticationData, CancellationToken cancellationToken)
   at Microsoft.AspNetCore.Server.Kestrel.Https.Internal.HttpsConnectionMiddleware.OnConnectionAsync(ConnectionContext context)
2026-03-17 23:43:55.523 -04:00 [DBG] Connection id "0HNK4JQ1DSGJD" accepted.
2026-03-17 23:43:55.527 -04:00 [DBG] Connection id "0HNK4JQ1DSGJD" started.
2026-03-17 23:43:55.532 -04:00 [DBG] Connection id "0HNK4JQ1DSGJC" stopped.
2026-03-17 23:43:55.536 -04:00 [DBG] Connection 0HNK4JQ1DSGJD established using the following protocol: "Tls13"
2026-03-17 23:43:55.537 -04:00 [DBG] Connection id "0HNK4JQ1DSGJC" sending FIN because: "The Socket transport's send loop completed gracefully."
2026-03-17 23:43:55.539 -04:00 [INF] Request starting HTTP/2 GET https://localhost:9070/api/Citizen - null null
2026-03-17 23:43:55.549 -04:00 [DBG] 1 candidate(s) found for the request path '/api/Citizen'
2026-03-17 23:43:55.552 -04:00 [DBG] Endpoint 'CitizenController.Get (CitizensAPI)' with route pattern 'api/Citizen' is valid for the request path '/api/Citizen'
2026-03-17 23:43:55.557 -04:00 [DBG] Request matched endpoint 'CitizenController.Get (CitizensAPI)'
2026-03-17 23:43:55.561 -04:00 [INF] Executing endpoint 'CitizenController.Get (CitizensAPI)'
2026-03-17 23:43:55.578 -04:00 [INF] Route matched with {action = "Get", controller = "Citizen"}. Executing controller action with signature Microsoft.AspNetCore.Mvc.IActionResult Get() on controller CitizenController (CitizensAPI).
2026-03-17 23:43:55.584 -04:00 [DBG] Execution plan of authorization filters (in the following order): ["None"]
2026-03-17 23:43:55.588 -04:00 [DBG] Execution plan of resource filters (in the following order): ["None"]
2026-03-17 23:43:55.590 -04:00 [DBG] Execution plan of action filters (in the following order): ["Microsoft.AspNetCore.Mvc.ModelBinding.UnsupportedContentTypeFilter (Order: -3000)","Microsoft.AspNetCore.Mvc.Infrastructure.ModelStateInvalidFilter (Order: -2000)"]
2026-03-17 23:43:55.594 -04:00 [DBG] Execution plan of exception filters (in the following order): ["None"]
2026-03-17 23:43:55.598 -04:00 [DBG] Execution plan of result filters (in the following order): ["Microsoft.AspNetCore.Mvc.Infrastructure.ClientErrorResultFilter (Order: -2000)"]
2026-03-17 23:43:55.602 -04:00 [DBG] Executing controller factory for controller CitizenController (CitizensAPI)
2026-03-17 23:43:55.615 -04:00 [DBG] Executed controller factory for controller CitizenController (CitizensAPI)
2026-03-17 23:43:55.620 -04:00 [DBG] List of registered output formatters, in the following order: ["Microsoft.AspNetCore.Mvc.Formatters.HttpNoContentOutputFormatter","Microsoft.AspNetCore.Mvc.Formatters.StringOutputFormatter","Microsoft.AspNetCore.Mvc.Formatters.StreamOutputFormatter","Microsoft.AspNetCore.Mvc.Formatters.SystemTextJsonOutputFormatter"]
2026-03-17 23:43:55.627 -04:00 [DBG] No information found on request to perform content negotiation.
2026-03-17 23:43:55.628 -04:00 [DBG] Attempting to select an output formatter without using a content type as no explicit content types were specified for the response.
2026-03-17 23:43:55.630 -04:00 [DBG] Attempting to select the first formatter in the output formatters list which can write the result.
2026-03-17 23:43:55.632 -04:00 [DBG] Selected output formatter 'Microsoft.AspNetCore.Mvc.Formatters.SystemTextJsonOutputFormatter' and content type 'application/json' to write the response.
2026-03-17 23:43:55.636 -04:00 [INF] Executing OkObjectResult, writing value of type 'System.Collections.Generic.List`1[[Citizen, CitizensAPI, Version=1.0.0.0, Culture=neutral, PublicKeyToken=null]]'.
2026-03-17 23:43:55.650 -04:00 [INF] Executed action CitizenController.Get (CitizensAPI) in 47.0011ms
2026-03-17 23:43:55.653 -04:00 [INF] Executed endpoint 'CitizenController.Get (CitizensAPI)'
2026-03-17 23:43:55.655 -04:00 [INF] Request finished HTTP/2 GET https://localhost:9070/api/Citizen - 200 null application/json; charset=utf-8 115.3985ms
2026-03-17 23:45:07.661 -04:00 [DBG] Connection id "0HNK4JQ1DSGJD" received FIN.
2026-03-17 23:45:07.665 -04:00 [DBG] Connection id "0HNK4JQ1DSGJD" is closed. The last processed stream ID was 1.
2026-03-17 23:45:07.665 -04:00 [DBG] Connection id "0HNK4JQ1DSGJD" sending FIN because: "The Socket transport's send loop completed gracefully."
2026-03-17 23:45:07.670 -04:00 [DBG] The connection queue processing loop for 0HNK4JQ1DSGJD completed.
2026-03-17 23:45:07.672 -04:00 [DBG] Connection id "0HNK4JQ1DSGJD" stopped.
2026-03-17 23:54:16.046 -04:00 [INF] Application is shutting down...
2026-03-17 23:54:16.048 -04:00 [DBG] Hosting stopping
2026-03-17 23:54:16.059 -04:00 [DBG] Hosting stopped
2026-03-17 23:54:24.828 -04:00 [DBG] Registered model binder providers, in the following order: ["Microsoft.AspNetCore.Mvc.ModelBinding.Binders.BinderTypeModelBinderProvider","Microsoft.AspNetCore.Mvc.ModelBinding.Binders.ServicesModelBinderProvider","Microsoft.AspNetCore.Mvc.ModelBinding.Binders.BodyModelBinderProvider","Microsoft.AspNetCore.Mvc.ModelBinding.Binders.HeaderModelBinderProvider","Microsoft.AspNetCore.Mvc.ModelBinding.Binders.FloatingPointTypeModelBinderProvider","Microsoft.AspNetCore.Mvc.ModelBinding.Binders.EnumTypeModelBinderProvider","Microsoft.AspNetCore.Mvc.ModelBinding.Binders.DateTimeModelBinderProvider","Microsoft.AspNetCore.Mvc.ModelBinding.Binders.SimpleTypeModelBinderProvider","Microsoft.AspNetCore.Mvc.ModelBinding.Binders.TryParseModelBinderProvider","Microsoft.AspNetCore.Mvc.ModelBinding.Binders.CancellationTokenModelBinderProvider","Microsoft.AspNetCore.Mvc.ModelBinding.Binders.ByteArrayModelBinderProvider","Microsoft.AspNetCore.Mvc.ModelBinding.Binders.FormFileModelBinderProvider","Microsoft.AspNetCore.Mvc.ModelBinding.Binders.FormCollectionModelBinderProvider","Microsoft.AspNetCore.Mvc.ModelBinding.Binders.KeyValuePairModelBinderProvider","Microsoft.AspNetCore.Mvc.ModelBinding.Binders.DictionaryModelBinderProvider","Microsoft.AspNetCore.Mvc.ModelBinding.Binders.ArrayModelBinderProvider","Microsoft.AspNetCore.Mvc.ModelBinding.Binders.CollectionModelBinderProvider","Microsoft.AspNetCore.Mvc.ModelBinding.Binders.ComplexObjectModelBinderProvider"]
2026-03-17 23:54:24.914 -04:00 [DBG] Hosting starting
2026-03-17 23:54:24.969 -04:00 [DBG] Middleware configuration started with options: {AllowedHosts = *, AllowEmptyHosts = True, IncludeFailureMessage = True}
2026-03-17 23:54:24.973 -04:00 [DBG] Wildcard detected, all requests with hosts will be allowed.
2026-03-17 23:54:25.019 -04:00 [WRN] The ASP.NET Core developer certificate is not trusted. For information about trusting the ASP.NET Core developer certificate, see https://aka.ms/aspnet/https-trust-dev-cert
2026-03-17 23:54:25.072 -04:00 [INF] Now listening on: https://localhost:9070
2026-03-17 23:54:25.074 -04:00 [DBG] Loaded hosting startup assembly CitizensAPI
2026-03-17 23:54:25.076 -04:00 [INF] Application started. Press Ctrl+C to shut down.
2026-03-17 23:54:25.078 -04:00 [INF] Hosting environment: Development
2026-03-17 23:54:25.080 -04:00 [INF] Content root path: D:\UPB D\UPB 5th Semester\Certification I\CitizensAPI\CitizensAPI
2026-03-17 23:54:25.082 -04:00 [DBG] Hosting started
2026-03-17 23:55:37.889 -04:00 [DBG] Connection id "0HNK4K8RJ75RP" accepted.
2026-03-17 23:55:37.892 -04:00 [DBG] Connection id "0HNK4K8RJ75RP" started.
2026-03-17 23:55:37.932 -04:00 [DBG] Connection id "0HNK4K8RJ75RP" received FIN.
2026-03-17 23:55:37.944 -04:00 [DBG] Connection id "0HNK4K8RJ75RQ" accepted.
2026-03-17 23:55:37.943 -04:00 [DBG] Failed to authenticate HTTPS connection.
System.Security.Authentication.AuthenticationException: Authentication failed, see inner exception.
 ---> System.ComponentModel.Win32Exception (0x80090327): An unknown error occurred while processing the certificate.
   --- End of inner exception stack trace ---
   at System.Net.Security.SslStream.ForceAuthenticationAsync[TIOAdapter](Boolean receiveFirst, Byte[] reAuthenticationData, CancellationToken cancellationToken)
   at Microsoft.AspNetCore.Server.Kestrel.Https.Internal.HttpsConnectionMiddleware.OnConnectionAsync(ConnectionContext context)
2026-03-17 23:55:37.948 -04:00 [DBG] Connection id "0HNK4K8RJ75RQ" started.
2026-03-17 23:55:37.961 -04:00 [DBG] Connection id "0HNK4K8RJ75RP" stopped.
2026-03-17 23:55:37.967 -04:00 [DBG] Connection id "0HNK4K8RJ75RP" sending FIN because: "The Socket transport's send loop completed gracefully."
2026-03-17 23:55:37.970 -04:00 [DBG] Connection 0HNK4K8RJ75RQ established using the following protocol: "Tls13"
2026-03-17 23:55:38.007 -04:00 [INF] Request starting HTTP/2 GET https://localhost:9070/swagger/index.html - null null
2026-03-17 23:55:38.028 -04:00 [DBG] No candidates found for the request path '/swagger/index.html'
2026-03-17 23:55:38.031 -04:00 [DBG] Request did not match any endpoints
2026-03-17 23:55:38.106 -04:00 [INF] Request finished HTTP/2 GET https://localhost:9070/swagger/index.html - 200 null text/html;charset=utf-8 100.8461ms
2026-03-17 23:55:38.154 -04:00 [INF] Request starting HTTP/2 GET https://localhost:9070/swagger/swagger-ui.css - null null
2026-03-17 23:55:38.154 -04:00 [INF] Request starting HTTP/2 GET https://localhost:9070/swagger/swagger-ui-standalone-preset.js - null null
2026-03-17 23:55:38.154 -04:00 [INF] Request starting HTTP/2 GET https://localhost:9070/swagger/swagger-ui-bundle.js - null null
2026-03-17 23:55:38.154 -04:00 [INF] Request starting HTTP/2 GET https://localhost:9070/swagger/index.js - null null
2026-03-17 23:55:38.154 -04:00 [INF] Request starting HTTP/2 GET https://localhost:9070/swagger/index.css - null null
2026-03-17 23:55:38.166 -04:00 [DBG] No candidates found for the request path '/swagger/swagger-ui.css'
2026-03-17 23:55:38.170 -04:00 [DBG] No candidates found for the request path '/swagger/swagger-ui-bundle.js'
2026-03-17 23:55:38.175 -04:00 [DBG] No candidates found for the request path '/swagger/index.css'
2026-03-17 23:55:38.178 -04:00 [DBG] Request did not match any endpoints
2026-03-17 23:55:38.185 -04:00 [DBG] Request did not match any endpoints
2026-03-17 23:55:38.188 -04:00 [DBG] Request did not match any endpoints
2026-03-17 23:55:38.194 -04:00 [DBG] No candidates found for the request path '/swagger/index.js'
2026-03-17 23:55:38.199 -04:00 [DBG] No candidates found for the request path '/swagger/swagger-ui-standalone-preset.js'
2026-03-17 23:55:38.203 -04:00 [INF] Request finished HTTP/2 GET https://localhost:9070/swagger/swagger-ui.css - 200 26388 text/css 48.7672ms
2026-03-17 23:55:38.203 -04:00 [INF] Request finished HTTP/2 GET https://localhost:9070/swagger/index.css - 200 152 text/css 48.6337ms
2026-03-17 23:55:38.220 -04:00 [INF] Request finished HTTP/2 GET https://localhost:9070/swagger/swagger-ui-bundle.js - 200 417806 text/javascript 66.1599ms
2026-03-17 23:55:38.228 -04:00 [DBG] Request did not match any endpoints
2026-03-17 23:55:38.232 -04:00 [DBG] Request did not match any endpoints
2026-03-17 23:55:38.242 -04:00 [INF] Request finished HTTP/2 GET https://localhost:9070/swagger/swagger-ui-standalone-preset.js - 200 76581 text/javascript 88.0697ms
2026-03-17 23:55:38.242 -04:00 [INF] Request finished HTTP/2 GET https://localhost:9070/swagger/index.js - 200 null application/javascript;charset=utf-8 87.7217ms
2026-03-17 23:55:38.417 -04:00 [INF] Request starting HTTP/2 GET https://localhost:9070/swagger/v1/swagger.json - null null
2026-03-17 23:55:38.418 -04:00 [INF] Request starting HTTP/2 GET https://localhost:9070/swagger/favicon-32x32.png - null null
2026-03-17 23:55:38.424 -04:00 [DBG] No candidates found for the request path '/swagger/favicon-32x32.png'
2026-03-17 23:55:38.427 -04:00 [DBG] No candidates found for the request path '/swagger/v1/swagger.json'
2026-03-17 23:55:38.428 -04:00 [DBG] Request did not match any endpoints
2026-03-17 23:55:38.442 -04:00 [DBG] Request did not match any endpoints
2026-03-17 23:55:38.465 -04:00 [INF] Request finished HTTP/2 GET https://localhost:9070/swagger/favicon-32x32.png - 200 628 image/png 46.562ms
2026-03-17 23:55:38.470 -04:00 [DBG] Executing API description provider 'EndpointMetadataApiDescriptionProvider' from assembly Microsoft.AspNetCore.Mvc.ApiExplorer v10.0.0.0.
2026-03-17 23:55:38.473 -04:00 [DBG] Executing API description provider 'DefaultApiDescriptionProvider' from assembly Microsoft.AspNetCore.Mvc.ApiExplorer v10.0.0.0.
2026-03-17 23:55:38.577 -04:00 [INF] Request finished HTTP/2 GET https://localhost:9070/swagger/v1/swagger.json - 200 null application/json;charset=utf-8 159.9715ms
2026-03-17 23:55:44.133 -04:00 [INF] Request starting HTTP/2 GET https://localhost:9070/api/Citizen - null null
2026-03-17 23:55:44.147 -04:00 [DBG] 1 candidate(s) found for the request path '/api/Citizen'
2026-03-17 23:55:44.151 -04:00 [DBG] Endpoint 'CitizenController.Get (CitizensAPI)' with route pattern 'api/Citizen' is valid for the request path '/api/Citizen'
2026-03-17 23:55:44.154 -04:00 [DBG] Request matched endpoint 'CitizenController.Get (CitizensAPI)'
2026-03-17 23:55:44.159 -04:00 [INF] Executing endpoint 'CitizenController.Get (CitizensAPI)'
2026-03-17 23:55:44.172 -04:00 [INF] Route matched with {action = "Get", controller = "Citizen"}. Executing controller action with signature Microsoft.AspNetCore.Mvc.IActionResult Get() on controller CitizenController (CitizensAPI).
2026-03-17 23:55:44.176 -04:00 [DBG] Execution plan of authorization filters (in the following order): ["None"]
2026-03-17 23:55:44.179 -04:00 [DBG] Execution plan of resource filters (in the following order): ["None"]
2026-03-17 23:55:44.184 -04:00 [DBG] Execution plan of action filters (in the following order): ["Microsoft.AspNetCore.Mvc.ModelBinding.UnsupportedContentTypeFilter (Order: -3000)","Microsoft.AspNetCore.Mvc.Infrastructure.ModelStateInvalidFilter (Order: -2000)"]
2026-03-17 23:55:44.187 -04:00 [DBG] Execution plan of exception filters (in the following order): ["None"]
2026-03-17 23:55:44.190 -04:00 [DBG] Execution plan of result filters (in the following order): ["Microsoft.AspNetCore.Mvc.Infrastructure.ClientErrorResultFilter (Order: -2000)"]
2026-03-17 23:55:44.194 -04:00 [DBG] Executing controller factory for controller CitizenController (CitizensAPI)
2026-03-17 23:55:44.203 -04:00 [DBG] Executed controller factory for controller CitizenController (CitizensAPI)
2026-03-17 23:55:44.207 -04:00 [DBG] List of registered output formatters, in the following order: ["Microsoft.AspNetCore.Mvc.Formatters.HttpNoContentOutputFormatter","Microsoft.AspNetCore.Mvc.Formatters.StringOutputFormatter","Microsoft.AspNetCore.Mvc.Formatters.StreamOutputFormatter","Microsoft.AspNetCore.Mvc.Formatters.SystemTextJsonOutputFormatter"]
2026-03-17 23:55:44.227 -04:00 [DBG] No information found on request to perform content negotiation.
2026-03-17 23:55:44.228 -04:00 [DBG] Attempting to select an output formatter without using a content type as no explicit content types were specified for the response.
2026-03-17 23:55:44.229 -04:00 [DBG] Attempting to select the first formatter in the output formatters list which can write the result.
2026-03-17 23:55:44.233 -04:00 [DBG] Selected output formatter 'Microsoft.AspNetCore.Mvc.Formatters.SystemTextJsonOutputFormatter' and content type 'application/json' to write the response.
2026-03-17 23:55:44.236 -04:00 [INF] Executing OkObjectResult, writing value of type 'System.Collections.Generic.List`1[[Citizen, CitizensAPI, Version=1.0.0.0, Culture=neutral, PublicKeyToken=null]]'.
2026-03-17 23:55:44.254 -04:00 [INF] Executed action CitizenController.Get (CitizensAPI) in 56.7386ms
2026-03-17 23:55:44.256 -04:00 [INF] Executed endpoint 'CitizenController.Get (CitizensAPI)'
2026-03-17 23:55:44.258 -04:00 [INF] Request finished HTTP/2 GET https://localhost:9070/api/Citizen - 200 null application/json; charset=utf-8 125.212ms
2026-03-17 23:56:09.115 -04:00 [INF] Request starting HTTP/2 POST https://localhost:9070/api/Citizen - application/json 60
2026-03-17 23:56:09.123 -04:00 [DBG] 1 candidate(s) found for the request path '/api/Citizen'
2026-03-17 23:56:09.127 -04:00 [DBG] Endpoint 'CitizenController.Post (CitizensAPI)' with route pattern 'api/Citizen' is valid for the request path '/api/Citizen'
2026-03-17 23:56:09.131 -04:00 [DBG] Request matched endpoint 'CitizenController.Post (CitizensAPI)'
2026-03-17 23:56:09.135 -04:00 [INF] Executing endpoint 'CitizenController.Post (CitizensAPI)'
2026-03-17 23:56:09.152 -04:00 [INF] Route matched with {action = "Post", controller = "Citizen"}. Executing controller action with signature System.Threading.Tasks.Task`1[Microsoft.AspNetCore.Mvc.IActionResult] Post(CreateCitizenRequest) on controller CitizenController (CitizensAPI).
2026-03-17 23:56:09.158 -04:00 [DBG] Execution plan of authorization filters (in the following order): ["None"]
2026-03-17 23:56:09.161 -04:00 [DBG] Execution plan of resource filters (in the following order): ["None"]
2026-03-17 23:56:09.163 -04:00 [DBG] Execution plan of action filters (in the following order): ["Microsoft.AspNetCore.Mvc.ModelBinding.UnsupportedContentTypeFilter (Order: -3000)","Microsoft.AspNetCore.Mvc.Infrastructure.ModelStateInvalidFilter (Order: -2000)"]
2026-03-17 23:56:09.170 -04:00 [DBG] Execution plan of exception filters (in the following order): ["None"]
2026-03-17 23:56:09.174 -04:00 [DBG] Execution plan of result filters (in the following order): ["Microsoft.AspNetCore.Mvc.Infrastructure.ClientErrorResultFilter (Order: -2000)"]
2026-03-17 23:56:09.177 -04:00 [DBG] Executing controller factory for controller CitizenController (CitizensAPI)
2026-03-17 23:56:09.180 -04:00 [DBG] Executed controller factory for controller CitizenController (CitizensAPI)
2026-03-17 23:56:09.187 -04:00 [DBG] Attempting to bind parameter 'citizenRequest' of type 'CreateCitizenRequest' ...
2026-03-17 23:56:09.193 -04:00 [DBG] Attempting to bind parameter 'citizenRequest' of type 'CreateCitizenRequest' using the name '' in request data ...
2026-03-17 23:56:09.197 -04:00 [DBG] Selected input formatter 'Microsoft.AspNetCore.Mvc.Formatters.SystemTextJsonInputFormatter' for content type 'application/json'.
2026-03-17 23:56:09.203 -04:00 [DBG] Connection id "0HNK4K8RJ75RQ", Request id "0HNK4K8RJ75RQ:00000013": started reading request body.
2026-03-17 23:56:09.207 -04:00 [DBG] Connection id "0HNK4K8RJ75RQ", Request id "0HNK4K8RJ75RQ:00000013": done reading request body.
2026-03-17 23:56:09.216 -04:00 [DBG] JSON input formatter succeeded, deserializing to type 'CreateCitizenRequest'
2026-03-17 23:56:09.219 -04:00 [DBG] Done attempting to bind parameter 'citizenRequest' of type 'CreateCitizenRequest'.
2026-03-17 23:56:09.222 -04:00 [DBG] Done attempting to bind parameter 'citizenRequest' of type 'CreateCitizenRequest'.
2026-03-17 23:56:09.224 -04:00 [DBG] Attempting to validate the bound parameter 'citizenRequest' of type 'CreateCitizenRequest' ...
2026-03-17 23:56:09.231 -04:00 [DBG] Done attempting to validate the bound parameter 'citizenRequest' of type 'CreateCitizenRequest'.
2026-03-17 23:56:09.378 -04:00 [INF] External API request executed for citizen personal assets.
2026-03-17 23:56:10.236 -04:00 [DBG] Preparing to write citizen data to CSV. Total citizens: 7
2026-03-17 23:56:10.241 -04:00 [INF] Citizen created with CI: 1
2026-03-17 23:56:10.244 -04:00 [INF] Citizen created with CI: 1
2026-03-17 23:56:10.247 -04:00 [DBG] List of registered output formatters, in the following order: ["Microsoft.AspNetCore.Mvc.Formatters.HttpNoContentOutputFormatter","Microsoft.AspNetCore.Mvc.Formatters.StringOutputFormatter","Microsoft.AspNetCore.Mvc.Formatters.StreamOutputFormatter","Microsoft.AspNetCore.Mvc.Formatters.SystemTextJsonOutputFormatter"]
2026-03-17 23:56:10.253 -04:00 [DBG] No information found on request to perform content negotiation.
2026-03-17 23:56:10.255 -04:00 [DBG] Attempting to select an output formatter without using a content type as no explicit content types were specified for the response.
2026-03-17 23:56:10.256 -04:00 [DBG] Attempting to select the first formatter in the output formatters list which can write the result.
2026-03-17 23:56:10.258 -04:00 [DBG] Selected output formatter 'Microsoft.AspNetCore.Mvc.Formatters.SystemTextJsonOutputFormatter' and content type 'application/json' to write the response.
2026-03-17 23:56:10.260 -04:00 [INF] Executing OkObjectResult, writing value of type 'System.Collections.Generic.List`1[[Citizen, CitizensAPI, Version=1.0.0.0, Culture=neutral, PublicKeyToken=null]]'.
2026-03-17 23:56:10.263 -04:00 [INF] Executed action CitizenController.Post (CitizensAPI) in 1086.0953ms
2026-03-17 23:56:10.269 -04:00 [INF] Executed endpoint 'CitizenController.Post (CitizensAPI)'
2026-03-17 23:56:10.272 -04:00 [INF] Request finished HTTP/2 POST https://localhost:9070/api/Citizen - 200 null application/json; charset=utf-8 1156.6058ms
2026-03-17 23:58:22.577 -04:00 [DBG] Connection id "0HNK4K8RJ75RQ" is closing.
2026-03-17 23:58:22.582 -04:00 [DBG] Connection id "0HNK4K8RJ75RQ" is closed. The last processed stream ID was 19.
2026-03-17 23:58:22.586 -04:00 [DBG] Connection id "0HNK4K8RJ75RQ" received FIN.
2026-03-17 23:58:22.587 -04:00 [DBG] The connection queue processing loop for 0HNK4K8RJ75RQ completed.
2026-03-17 23:58:22.588 -04:00 [DBG] Connection id "0HNK4K8RJ75RQ" sending FIN because: "The Socket transport's send loop completed gracefully."
2026-03-17 23:58:22.607 -04:00 [DBG] Connection id "0HNK4K8RJ75RQ" stopped.
