2026-03-18 00:05:12.861 -04:00 [INF] Application is shutting down...
2026-03-18 00:05:12.863 -04:00 [DBG] Hosting stopping
2026-03-18 00:05:12.875 -04:00 [DBG] Hosting stopped
2026-03-18 15:37:23.755 -04:00 [DBG] Registered model binder providers, in the following order: ["Microsoft.AspNetCore.Mvc.ModelBinding.Binders.BinderTypeModelBinderProvider","Microsoft.AspNetCore.Mvc.ModelBinding.Binders.ServicesModelBinderProvider","Microsoft.AspNetCore.Mvc.ModelBinding.Binders.BodyModelBinderProvider","Microsoft.AspNetCore.Mvc.ModelBinding.Binders.HeaderModelBinderProvider","Microsoft.AspNetCore.Mvc.ModelBinding.Binders.FloatingPointTypeModelBinderProvider","Microsoft.AspNetCore.Mvc.ModelBinding.Binders.EnumTypeModelBinderProvider","Microsoft.AspNetCore.Mvc.ModelBinding.Binders.DateTimeModelBinderProvider","Microsoft.AspNetCore.Mvc.ModelBinding.Binders.SimpleTypeModelBinderProvider","Microsoft.AspNetCore.Mvc.ModelBinding.Binders.TryParseModelBinderProvider","Microsoft.AspNetCore.Mvc.ModelBinding.Binders.CancellationTokenModelBinderProvider","Microsoft.AspNetCore.Mvc.ModelBinding.Binders.ByteArrayModelBinderProvider","Microsoft.AspNetCore.Mvc.ModelBinding.Binders.FormFileModelBinderProvider","Microsoft.AspNetCore.Mvc.ModelBinding.Binders.FormCollectionModelBinderProvider","Microsoft.AspNetCore.Mvc.ModelBinding.Binders.KeyValuePairModelBinderProvider","Microsoft.AspNetCore.Mvc.ModelBinding.Binders.DictionaryModelBinderProvider","Microsoft.AspNetCore.Mvc.ModelBinding.Binders.ArrayModelBinderProvider","Microsoft.AspNetCore.Mvc.ModelBinding.Binders.CollectionModelBinderProvider","Microsoft.AspNetCore.Mvc.ModelBinding.Binders.ComplexObjectModelBinderProvider"]
2026-03-18 15:37:23.841 -04:00 [DBG] Hosting starting
2026-03-18 15:37:23.890 -04:00 [DBG] Middleware configuration started with options: {AllowedHosts = *, AllowEmptyHosts = True, IncludeFailureMessage = True}
2026-03-18 15:37:23.896 -04:00 [DBG] Wildcard detected, all requests with hosts will be allowed.
2026-03-18 15:37:23.940 -04:00 [WRN] The ASP.NET Core developer certificate is not trusted. For information about trusting the ASP.NET Core developer certificate, see https://aka.ms/aspnet/https-trust-dev-cert
2026-03-18 15:37:23.996 -04:00 [INF] Now listening on: https://localhost:9070
2026-03-18 15:37:24.000 -04:00 [DBG] Loaded hosting startup assembly CitizensAPI
2026-03-18 15:37:24.003 -04:00 [INF] Application started. Press Ctrl+C to shut down.
2026-03-18 15:37:24.005 -04:00 [INF] Hosting environment: Development
2026-03-18 15:37:24.007 -04:00 [INF] Content root path: D:\UPB D\UPB 5th Semester\Certification I\CitizensAPI\CitizensAPI
2026-03-18 15:37:24.009 -04:00 [DBG] Hosting started
2026-03-18 15:37:27.712 -04:00 [DBG] Connection id "0HNK54N4QSIPS" accepted.
2026-03-18 15:37:27.717 -04:00 [DBG] Connection id "0HNK54N4QSIPS" started.
2026-03-18 15:37:27.767 -04:00 [DBG] Connection id "0HNK54N4QSIPS" received FIN.
2026-03-18 15:37:27.768 -04:00 [DBG] Connection id "0HNK54N4QSIPT" accepted.
2026-03-18 15:37:27.773 -04:00 [DBG] Connection id "0HNK54N4QSIPT" started.
2026-03-18 15:37:27.774 -04:00 [DBG] Failed to authenticate HTTPS connection.
System.Security.Authentication.AuthenticationException: Authentication failed, see inner exception.
 ---> System.ComponentModel.Win32Exception (0x80090327): An unknown error occurred while processing the certificate.
   --- End of inner exception stack trace ---
   at System.Net.Security.SslStream.ForceAuthenticationAsync[TIOAdapter](Boolean receiveFirst, Byte[] reAuthenticationData, CancellationToken cancellationToken)
   at Microsoft.AspNetCore.Server.Kestrel.Https.Internal.HttpsConnectionMiddleware.OnConnectionAsync(ConnectionContext context)
2026-03-18 15:37:27.793 -04:00 [DBG] Connection 0HNK54N4QSIPT established using the following protocol: "Tls13"
2026-03-18 15:37:27.799 -04:00 [DBG] Connection id "0HNK54N4QSIPS" stopped.
2026-03-18 15:37:27.811 -04:00 [DBG] Connection id "0HNK54N4QSIPS" sending FIN because: "The Socket transport's send loop completed gracefully."
2026-03-18 15:37:27.856 -04:00 [INF] Request starting HTTP/2 GET https://localhost:9070/ - null null
2026-03-18 15:37:27.877 -04:00 [DBG] No candidates found for the request path '/'
2026-03-18 15:37:27.878 -04:00 [DBG] Request did not match any endpoints
2026-03-18 15:37:27.912 -04:00 [INF] Request finished HTTP/2 GET https://localhost:9070/ - 404 0 null 57.4313ms
2026-03-18 15:37:27.919 -04:00 [INF] Request reached the end of the middleware pipeline without being handled by application code. Request path: GET https://localhost:9070/, Response status code: 404
2026-03-18 15:37:31.937 -04:00 [INF] Request starting HTTP/2 GET https://localhost:9070/swagger/index.html - null null
2026-03-18 15:37:31.946 -04:00 [DBG] No candidates found for the request path '/swagger/index.html'
2026-03-18 15:37:31.948 -04:00 [DBG] Request did not match any endpoints
2026-03-18 15:37:32.007 -04:00 [INF] Request finished HTTP/2 GET https://localhost:9070/swagger/index.html - 200 null text/html;charset=utf-8 70.1503ms
2026-03-18 15:37:32.046 -04:00 [INF] Request starting HTTP/2 GET https://localhost:9070/swagger/swagger-ui.css - null null
2026-03-18 15:37:32.046 -04:00 [INF] Request starting HTTP/2 GET https://localhost:9070/swagger/swagger-ui-bundle.js - null null
2026-03-18 15:37:32.046 -04:00 [INF] Request starting HTTP/2 GET https://localhost:9070/swagger/index.css - null null
2026-03-18 15:37:32.046 -04:00 [INF] Request starting HTTP/2 GET https://localhost:9070/swagger/swagger-ui-standalone-preset.js - null null
2026-03-18 15:37:32.046 -04:00 [INF] Request starting HTTP/2 GET https://localhost:9070/swagger/index.js - null null
2026-03-18 15:37:32.056 -04:00 [DBG] No candidates found for the request path '/swagger/swagger-ui.css'
2026-03-18 15:37:32.060 -04:00 [DBG] No candidates found for the request path '/swagger/index.css'
2026-03-18 15:37:32.065 -04:00 [DBG] No candidates found for the request path '/swagger/index.js'
2026-03-18 15:37:32.067 -04:00 [DBG] Request did not match any endpoints
2026-03-18 15:37:32.069 -04:00 [DBG] Request did not match any endpoints
2026-03-18 15:37:32.071 -04:00 [DBG] Request did not match any endpoints
2026-03-18 15:37:32.076 -04:00 [INF] Request finished HTTP/2 GET https://localhost:9070/swagger/index.js - 200 null application/javascript;charset=utf-8 29.9288ms
2026-03-18 15:37:32.083 -04:00 [DBG] No candidates found for the request path '/swagger/swagger-ui-standalone-preset.js'
2026-03-18 15:37:32.088 -04:00 [INF] Request finished HTTP/2 GET https://localhost:9070/swagger/index.css - 200 152 text/css 41.7398ms
2026-03-18 15:37:32.091 -04:00 [DBG] Request did not match any endpoints
2026-03-18 15:37:32.100 -04:00 [INF] Request finished HTTP/2 GET https://localhost:9070/swagger/swagger-ui.css - 200 26388 text/css 53.8703ms
2026-03-18 15:37:32.103 -04:00 [INF] Request finished HTTP/2 GET https://localhost:9070/swagger/swagger-ui-standalone-preset.js - 200 76581 text/javascript 56.8538ms
2026-03-18 15:37:32.105 -04:00 [DBG] No candidates found for the request path '/swagger/swagger-ui-bundle.js'
2026-03-18 15:37:32.118 -04:00 [DBG] Request did not match any endpoints
2026-03-18 15:37:32.137 -04:00 [INF] Request finished HTTP/2 GET https://localhost:9070/swagger/swagger-ui-bundle.js - 200 417806 text/javascript 90.8897ms
2026-03-18 15:37:32.284 -04:00 [INF] Request starting HTTP/2 GET https://localhost:9070/swagger/v1/swagger.json - null null
2026-03-18 15:37:32.290 -04:00 [DBG] No candidates found for the request path '/swagger/v1/swagger.json'
2026-03-18 15:37:32.293 -04:00 [DBG] Request did not match any endpoints
2026-03-18 15:37:32.305 -04:00 [DBG] Executing API description provider 'EndpointMetadataApiDescriptionProvider' from assembly Microsoft.AspNetCore.Mvc.ApiExplorer v10.0.0.0.
2026-03-18 15:37:32.311 -04:00 [DBG] Executing API description provider 'DefaultApiDescriptionProvider' from assembly Microsoft.AspNetCore.Mvc.ApiExplorer v10.0.0.0.
2026-03-18 15:37:32.415 -04:00 [INF] Request finished HTTP/2 GET https://localhost:9070/swagger/v1/swagger.json - 200 null application/json;charset=utf-8 130.6506ms
2026-03-18 15:39:44.202 -04:00 [DBG] Connection id "0HNK54N4QSIPT" is closing.
2026-03-18 15:39:44.214 -04:00 [DBG] Connection id "0HNK54N4QSIPT" is closed. The last processed stream ID was 15.
2026-03-18 15:39:44.218 -04:00 [DBG] Connection id "0HNK54N4QSIPT" received FIN.
2026-03-18 15:39:44.219 -04:00 [DBG] The connection queue processing loop for 0HNK54N4QSIPT completed.
2026-03-18 15:39:44.220 -04:00 [DBG] Connection id "0HNK54N4QSIPT" sending FIN because: "The Socket transport's send loop completed gracefully."
2026-03-18 15:39:44.229 -04:00 [DBG] Connection id "0HNK54N4QSIPT" stopped.
